Build started 4/19/2022 12:56:34 PM.
     1>Project "F:\work_folder\Development projects\Visual Studio 2010\Projects\Euler\Distance\Distance\Distance.vcxproj" on node 2 (build target(s)).
     1>InitializeBuildStatus:
         Creating "Debug\Distance.unsuccessfulbuild" because "AlwaysCreate" was specified.
       ClCompile:
         C:\Program Files (x86)\Microsoft Visual Studio 10.0\VC\bin\CL.exe /c /ZI /nologo /W3 /WX- /Od /Oy- /D WIN32 /D _DEBUG /D _CONSOLE /D _UNICODE /D UNICODE /Gm /EHsc /RTC1 /MDd /GS /fp:precise /Zc:wchar_t /Zc:forScope /Fo"Debug\\" /Fd"Debug\vc100.pdb" /Gd /TP /analyze- /errorReport:prompt Source.cpp
         Source.cpp
     1>f:\work_folder\development projects\visual studio 2010\projects\euler\distance\distance\source.cpp(8): warning C4305: 'initializing' : truncation from 'double' to 'float'
     1>f:\work_folder\development projects\visual studio 2010\projects\euler\distance\distance\source.cpp(9): warning C4305: 'initializing' : truncation from 'double' to 'float'
     1>f:\work_folder\development projects\visual studio 2010\projects\euler\distance\distance\source.cpp(15): warning C4244: '=' : conversion from 'double' to 'float', possible loss of data
       Link:
         C:\Program Files (x86)\Microsoft Visual Studio 10.0\VC\bin\link.exe /ERRORREPORT:PROMPT /OUT:"F:\work_folder\Development projects\Visual Studio 2010\Projects\Euler\Distance\Debug\Distance.exe" /INCREMENTAL:NO /NOLOGO kernel32.lib user32.lib gdi32.lib winspool.lib comdlg32.lib advapi32.lib shell32.lib ole32.lib oleaut32.lib uuid.lib odbc32.lib odbccp32.lib /MANIFEST /ManifestFile:"Debug\Distance.exe.intermediate.manifest" /MANIFESTUAC:"level='asInvoker' uiAccess='false'" /DEBUG /PDB:"F:\work_folder\Development projects\Visual Studio 2010\Projects\Euler\Distance\Debug\Distance.pdb" /SUBSYSTEM:CONSOLE /TLBID:1 /DYNAMICBASE /NXCOMPAT /IMPLIB:"F:\work_folder\Development projects\Visual Studio 2010\Projects\Euler\Distance\Debug\Distance.lib" /MACHINE:X86 Debug\Source.obj
     1>Source.obj : warning LNK4075: ignoring '/EDITANDCONTINUE' due to '/INCREMENTAL:NO' specification
         Distance.vcxproj -> F:\work_folder\Development projects\Visual Studio 2010\Projects\Euler\Distance\Debug\Distance.exe
       Manifest:
         C:\Program Files (x86)\Microsoft SDKs\Windows\v7.0A\bin\mt.exe /nologo /verbose /outputresource:"F:\work_folder\Development projects\Visual Studio 2010\Projects\Euler\Distance\Debug\Distance.exe;#1" /manifest Debug\Distance.exe.intermediate.manifest
       FinalizeBuildStatus:
         Deleting file "Debug\Distance.unsuccessfulbuild".
         Touching "Debug\Distance.lastbuildstate".
     1>Done Building Project "F:\work_folder\Development projects\Visual Studio 2010\Projects\Euler\Distance\Distance\Distance.vcxproj" (build target(s)).

Build succeeded.

Time Elapsed 00:00:00.64
